<?xml version="1.0" encoding="UTF-8"?>
<!-- Generated by org.testng.reporters.JUnitReportReporter -->
<testsuite hostname="3901C504964L" failures="0" tests="2" name="TestNG_Scripts.FirstOne" time="0.033" errors="0" timestamp="2022-02-11T11:53:30 IST" skipped="0">
  <testcase classname="TestNG_Scripts.FirstOne" name="azure" time="0.004"/>
  <system-out>
    <![CDATA[Hi Bengaluru......!!!!!]]>
  </system-out>
  <testcase classname="TestNG_Scripts.FirstOne" name="Github" time="0.029"/>
  <system-out>
    <![CDATA[Explore City]]>
  </system-out>
</testsuite> <!-- TestNG_Scripts.FirstOne -->
