<?xml version="1.0" encoding="UTF-8"?>
<!-- Generated by org.testng.reporters.JUnitReportReporter -->
<testsuite hostname="3901C504964L" failures="0" tests="4" name="TestNG_Scripts.Launching" time="33.341" errors="0" timestamp="2022-02-17T19:36:11 IST" skipped="0">
  <testcase classname="TestNG_Scripts.Launching" name="facebook" time="8.603"/>
  <system-out/>
  <testcase classname="TestNG_Scripts.Launching" name="facebook" time="8.146"/>
  <system-out/>
  <testcase classname="TestNG_Scripts.Launching" name="facebook" time="8.301"/>
  <system-out/>
  <testcase classname="TestNG_Scripts.Launching" name="facebook" time="8.291"/>
  <system-out/>
</testsuite> <!-- TestNG_Scripts.Launching -->
