<?xml version="1.0" encoding="UTF-8"?>
<!-- Generated by org.testng.reporters.JUnitReportReporter -->
<testsuite hostname="3901C504964L" failures="0" tests="9" name="TestNG_Scripts.InvocationCountCheck" time="0.037" errors="0" timestamp="2022-02-15T15:06:50 IST" skipped="0">
  <testcase classname="TestNG_Scripts.InvocationCountCheck" name="Profile" time="0.002"/>
  <system-out/>
  <testcase classname="TestNG_Scripts.InvocationCountCheck" name="Profile" time="0.002"/>
  <system-out/>
  <testcase classname="TestNG_Scripts.InvocationCountCheck" name="Menubar" time="0.002"/>
  <system-out/>
  <testcase classname="TestNG_Scripts.InvocationCountCheck" name="Menubar" time="0.003"/>
  <system-out/>
  <testcase classname="TestNG_Scripts.InvocationCountCheck" name="Menubar" time="0.016"/>
  <system-out/>
  <testcase classname="TestNG_Scripts.InvocationCountCheck" name="Settings" time="0.004"/>
  <system-out/>
  <testcase classname="TestNG_Scripts.InvocationCountCheck" name="Profile" time="0.003"/>
  <system-out/>
  <testcase classname="TestNG_Scripts.InvocationCountCheck" name="Profile" time="0.003"/>
  <system-out/>
  <testcase classname="TestNG_Scripts.InvocationCountCheck" name="Profile" time="0.002"/>
  <system-out/>
</testsuite> <!-- TestNG_Scripts.InvocationCountCheck -->
