<?xml version="1.0" encoding="UTF-8"?>
<!-- Generated by org.testng.reporters.JUnitReportReporter -->
<testsuite hostname="3901C504964L" failures="0" tests="3" name="TestNG_Scripts.PriorityCheck2" time="0.012" errors="0" timestamp="2022-02-15T14:52:28 IST" skipped="0">
  <testcase classname="TestNG_Scripts.PriorityCheck2" name="Settings" time="0.010"/>
  <system-out/>
  <testcase classname="TestNG_Scripts.PriorityCheck2" name="Menubar" time="0.001"/>
  <system-out/>
  <testcase classname="TestNG_Scripts.PriorityCheck2" name="Profile" time="0.001"/>
  <system-out/>
</testsuite> <!-- TestNG_Scripts.PriorityCheck2 -->
