<?xml version="1.0" encoding="UTF-8"?>
<!-- Generated by org.testng.reporters.JUnitReportReporter -->
<testsuite hostname="3901C504964L" failures="0" tests="3" name="TestNG_Scripts.PriorityChecking" time="0.016" errors="0" timestamp="2022-02-15T14:42:35 IST" skipped="0">
  <testcase classname="TestNG_Scripts.PriorityChecking" name="Profile" time="0.002"/>
  <system-out/>
  <testcase classname="TestNG_Scripts.PriorityChecking" name="Settings" time="0.002"/>
  <system-out/>
  <testcase classname="TestNG_Scripts.PriorityChecking" name="Menubar" time="0.012"/>
  <system-out/>
</testsuite> <!-- TestNG_Scripts.PriorityChecking -->
