<?xml version="1.0" encoding="UTF-8"?>
<!-- Generated by org.testng.reporters.JUnitReportReporter -->
<testsuite hostname="3901C504964L" failures="0" tests="3" name="TestNG_Scripts.DependencyCheck" time="0.014" errors="0" timestamp="2022-02-15T15:04:01 IST" skipped="0">
  <testcase classname="TestNG_Scripts.DependencyCheck" name="Settings" time="0.001"/>
  <system-out/>
  <testcase classname="TestNG_Scripts.DependencyCheck" name="Menubar" time="0.011"/>
  <system-out/>
  <testcase classname="TestNG_Scripts.DependencyCheck" name="Profile" time="0.002"/>
  <system-out/>
</testsuite> <!-- TestNG_Scripts.DependencyCheck -->
